

*******************************************************************************
Fri Nov  8 20:04:17 2019


FIT:    data read from input_file using 1:2
        format = x:z
        #datapoints = 200
        residuals are weighted equally (unit weight)

function used for fitting: f(x)
	f(x)=(a*x**alpha)*(exp(-b*x**beta))
fitted parameters initialized with current variable values


Current data point
=========================
#               = 1 out of 200
x               = 1.47686        
z               = 1.71429        

Current set of parameters
=========================
a               = 1.47686        
alpha           = -1.1653        
b               = 1.11642        
beta            = 0.662332       

BREAK: Undefined value during function evaluation