

*******************************************************************************
Mon Nov  4 20:38:02 2019


FIT:    data read from input_file using 1:2
        format = x:z
        #datapoints = 30
        residuals are weighted equally (unit weight)

function used for fitting: f(x)
	f(x)=a+b*x**c
fitted parameters initialized with current variable values

 487 3.4808067595e-01  -9.44e-01  2.21e-06    2.124561e-03   1.124735e-08   2.927810e+00

After 487 iterations the fit converged.
final sum of squares of residuals : 0.348081
rel. change during last iteration : -9.43957e-06

degrees of freedom    (FIT_NDF)                        : 27
rms of residuals      (FIT_STDFIT) = sqrt(WSSR/ndf)    : 0.113542
variance of residuals (reduced chisquare) = WSSR/ndf   : 0.0128919

Final set of parameters            Asymptotic Standard Error
=======================            ==========================
a               = 0.00212456       +/- 0.02316      (1090%)
b               = 1.12473e-08      +/- 1.07e-09     (9.509%)
c               = 2.92781          +/- 0.01247      (0.4259%)

correlation matrix of the fit parameters:
                a      b      c      
a               1.000 
b              -0.338  1.000 
c               0.332 -1.000  1.000 
