

*******************************************************************************
Mon Nov  4 20:38:00 2019


FIT:    data read from input_file using 1:2
        format = x:z
        #datapoints = 30
        residuals are weighted equally (unit weight)

function used for fitting: f(x)
	f(x)=a+b*x**c
fitted parameters initialized with current variable values

 361 6.9758952440e-02  -2.72e-01  2.21e-06   -4.834801e-03   3.607699e-09   2.928220e+00

After 361 iterations the fit converged.
final sum of squares of residuals : 0.069759
rel. change during last iteration : -2.72195e-06

degrees of freedom    (FIT_NDF)                        : 27
rms of residuals      (FIT_STDFIT) = sqrt(WSSR/ndf)    : 0.0508298
variance of residuals (reduced chisquare) = WSSR/ndf   : 0.00258366

Final set of parameters            Asymptotic Standard Error
=======================            ==========================
a               = -0.0048348       +/- 0.01037      (214.4%)
b               = 3.6077e-09       +/- 4.774e-10    (13.23%)
c               = 2.92822          +/- 0.01735      (0.5926%)

correlation matrix of the fit parameters:
                a      b      c      
a               1.000 
b              -0.338  1.000 
c               0.332 -1.000  1.000 
