

*******************************************************************************
Mon Nov  4 20:38:01 2019


FIT:    data read from input_file using 1:2
        format = x:z
        #datapoints = 30
        residuals are weighted equally (unit weight)

function used for fitting: f(x)
	f(x)=a+b*x**c
fitted parameters initialized with current variable values

 341 1.8683872508e-02  -5.78e-01  2.21e-06   -9.993269e-04   2.684721e-09   2.967910e+00

After 341 iterations the fit converged.
final sum of squares of residuals : 0.0186839
rel. change during last iteration : -5.77796e-06

degrees of freedom    (FIT_NDF)                        : 27
rms of residuals      (FIT_STDFIT) = sqrt(WSSR/ndf)    : 0.0263058
variance of residuals (reduced chisquare) = WSSR/ndf   : 0.000691995

Final set of parameters            Asymptotic Standard Error
=======================            ==========================
a               = -0.000999327     +/- 0.005357     (536%)
b               = 2.68472e-09      +/- 1.86e-10     (6.929%)
c               = 2.96791          +/- 0.009083     (0.3061%)

correlation matrix of the fit parameters:
                a      b      c      
a               1.000 
b              -0.336  1.000 
c               0.330 -1.000  1.000 
