

*******************************************************************************
Fri Nov 29 16:20:53 2019


FIT:    data read from 'movement.dat'
        format = z
        #datapoints = 60
        residuals are weighted equally (unit weight)

function used for fitting: f(x)
	f(x) = a+b*x+c*sin(d+e*x)
fitted parameters initialized with current variable values

iter      chisq       delta/lim  lambda   a             b             c             d             e            
   0 2.3906494240e+07   0.00e+00  1.88e+01    1.000000e+00   1.000000e+00   1.000000e+00   1.000000e+00   1.000000e+00
  18 2.0671606300e+04  -7.58e-01  1.88e+00    4.574002e+02   6.658560e+00   1.964225e+00   7.567687e-01   1.359209e+00

After 18 iterations the fit converged.
final sum of squares of residuals : 20671.6
rel. change during last iteration : -7.57798e-06

degrees of freedom    (FIT_NDF)                        : 55
rms of residuals      (FIT_STDFIT) = sqrt(WSSR/ndf)    : 19.3868
variance of residuals (reduced chisquare) = WSSR/ndf   : 375.847

Final set of parameters            Asymptotic Standard Error
=======================            ==========================
a               = 457.4            +/- 4.952        (1.083%)
b               = 6.65856          +/- 0.1448       (2.175%)
c               = 1.96422          +/- 3.553        (180.9%)
d               = 0.756769         +/- 3.57         (471.7%)
e               = 1.35921          +/- 0.1044       (7.678%)

correlation matrix of the fit parameters:
                a      b      c      d      e      
a               1.000 
b              -0.863  1.000 
c              -0.056  0.065  1.000 
d               0.005 -0.003 -0.064  1.000 
e              -0.004  0.003  0.075 -0.863  1.000 


*******************************************************************************
Fri Nov 29 16:22:16 2019


FIT:    data read from 'movement.dat'
        format = z
        #datapoints = 60
        residuals are weighted equally (unit weight)

function used for fitting: f(x)
	f(x) = a+b*x+c*sin(e*x-3.14/2)
fitted parameters initialized with current variable values

iter      chisq       delta/lim  lambda   a             b             c             e            
   0 2.1087464820e+04   0.00e+00  2.58e+02    4.574002e+02   6.658560e+00   1.964225e+00   1.359209e+00
  12 2.0721057929e+04  -1.75e-01  2.58e+01    4.574858e+02   6.656039e+00  -1.594588e+00   1.555889e+00

After 12 iterations the fit converged.
final sum of squares of residuals : 20721.1
rel. change during last iteration : -1.74864e-06

degrees of freedom    (FIT_NDF)                        : 56
rms of residuals      (FIT_STDFIT) = sqrt(WSSR/ndf)    : 19.2359
variance of residuals (reduced chisquare) = WSSR/ndf   : 370.019

Final set of parameters            Asymptotic Standard Error
=======================            ==========================
a               = 457.486          +/- 4.909        (1.073%)
b               = 6.65604          +/- 0.1436       (2.157%)
c               = -1.59459         +/- 3.502        (219.6%)
e               = 1.55589          +/- 0.06454      (4.148%)

correlation matrix of the fit parameters:
                a      b      c      e      
a               1.000 
b              -0.863  1.000 
c               0.040 -0.050  1.000 
e              -0.002  0.003 -0.041  1.000 


*******************************************************************************
Fri Nov 29 16:39:11 2019


FIT:    data read from 'movement.dat'
        format = z
        x range restricted to [0.00000 : 60.0000]
        #datapoints = 60
        residuals are weighted equally (unit weight)

function used for fitting: g(x)
	g(x)=b+c*(x*a+sin(a*x-3.1415))
fitted parameters initialized with current variable values

iter      chisq       delta/lim  lambda   a             b             c            
   0 3.1790372505e+03   0.00e+00  3.30e+02    1.000000e-01   5.000000e+02   5.000000e+01
   3 3.2117658865e+02  -5.71e-02  3.30e-01    1.004632e-01   5.078466e+02   4.938348e+01

After 3 iterations the fit converged.
final sum of squares of residuals : 321.177
rel. change during last iteration : -5.71232e-07

degrees of freedom    (FIT_NDF)                        : 57
rms of residuals      (FIT_STDFIT) = sqrt(WSSR/ndf)    : 2.37375
variance of residuals (reduced chisquare) = WSSR/ndf   : 5.63468

Final set of parameters            Asymptotic Standard Error
=======================            ==========================
a               = 0.100463         +/- 0.0002889    (0.2876%)
b               = 507.847          +/- 0.5556       (0.1094%)
c               = 49.3835          +/- 0.1468       (0.2974%)

correlation matrix of the fit parameters:
                a      b      c      
a               1.000 
b              -0.469  1.000 
c              -0.469 -0.390  1.000 
