

*******************************************************************************
Mon Nov 11 22:50:02 2019


FIT:    data read from input_file using 1:2
        format = x:z
        #datapoints = 1000
        residuals are weighted equally (unit weight)

function used for fitting: f(x)
	f(x)=a*(exp(-b*x**beta))
fitted parameters initialized with current variable values

   7 2.3915983009e+00  -4.02e-01  2.40e-08    1.372039e+00   1.597890e+00   1.337375e+00

After 7 iterations the fit converged.
final sum of squares of residuals : 2.3916
rel. change during last iteration : -4.01621e-06

degrees of freedom    (FIT_NDF)                        : 997
rms of residuals      (FIT_STDFIT) = sqrt(WSSR/ndf)    : 0.0489775
variance of residuals (reduced chisquare) = WSSR/ndf   : 0.00239879

Final set of parameters            Asymptotic Standard Error
=======================            ==========================
a               = 1.37204          +/- 0.01096      (0.7989%)
b               = 1.59789          +/- 0.01514      (0.9475%)
beta            = 1.33738          +/- 0.0215       (1.607%)

correlation matrix of the fit parameters:
                a      b      beta   
a               1.000 
b               0.532  1.000 
beta           -0.743 -0.133  1.000 


*******************************************************************************
Tue Nov 12 00:12:24 2019


FIT:    data read from input_file using 1:2
        format = x:z
        #datapoints = 1000
        residuals are weighted equally (unit weight)

function used for fitting: f(x)
	f(x)=a*(exp(-b*x**beta))
fitted parameters initialized with current variable values

   7 2.4393191144e+00  -8.59e-01  2.40e-08    1.413563e+00   1.678456e+00   1.349340e+00

After 7 iterations the fit converged.
final sum of squares of residuals : 2.43932
rel. change during last iteration : -8.58993e-06

degrees of freedom    (FIT_NDF)                        : 997
rms of residuals      (FIT_STDFIT) = sqrt(WSSR/ndf)    : 0.0494637
variance of residuals (reduced chisquare) = WSSR/ndf   : 0.00244666

Final set of parameters            Asymptotic Standard Error
=======================            ==========================
a               = 1.41356          +/- 0.01118      (0.7913%)
b               = 1.67846          +/- 0.01577      (0.9395%)
beta            = 1.34934          +/- 0.02163      (1.603%)

correlation matrix of the fit parameters:
                a      b      beta   
a               1.000 
b               0.467  1.000 
beta           -0.741 -0.041  1.000 


*******************************************************************************
Tue Nov 12 00:34:47 2019


FIT:    data read from input_file using 1:2
        format = x:z
        #datapoints = 1000
        residuals are weighted equally (unit weight)

function used for fitting: f(x)
	f(x)=a*(exp(-b*x**beta))
fitted parameters initialized with current variable values

   7 2.4393191144e+00  -8.59e-01  2.40e-08    1.413563e+00   1.678456e+00   1.349340e+00

After 7 iterations the fit converged.
final sum of squares of residuals : 2.43932
rel. change during last iteration : -8.58993e-06

degrees of freedom    (FIT_NDF)                        : 997
rms of residuals      (FIT_STDFIT) = sqrt(WSSR/ndf)    : 0.0494637
variance of residuals (reduced chisquare) = WSSR/ndf   : 0.00244666

Final set of parameters            Asymptotic Standard Error
=======================            ==========================
a               = 1.41356          +/- 0.01118      (0.7913%)
b               = 1.67846          +/- 0.01577      (0.9395%)
beta            = 1.34934          +/- 0.02163      (1.603%)

correlation matrix of the fit parameters:
                a      b      beta   
a               1.000 
b               0.467  1.000 
beta           -0.741 -0.041  1.000 
