

*******************************************************************************
Fri Nov  8 16:32:07 2019


FIT:    data read from input_file using 1:2
        format = x:z
        #datapoints = 50
        residuals are weighted equally (unit weight)

function used for fitting: f(x)
	f(x)=(a*x**alpha)*(exp(-b*x**beta))
fitted parameters initialized with current variable values

   3 1.2554208945e+00  -5.56e-02  2.44e-04    1.071266e+00   1.000000e-10   1.222941e+00   9.395298e-01

After 3 iterations the fit converged.
final sum of squares of residuals : 1.25542
rel. change during last iteration : -5.56073e-07

degrees of freedom    (FIT_NDF)                        : 46
rms of residuals      (FIT_STDFIT) = sqrt(WSSR/ndf)    : 0.165202
variance of residuals (reduced chisquare) = WSSR/ndf   : 0.0272918

Final set of parameters            Asymptotic Standard Error
=======================            ==========================
a               = 1.07127          +/- 1.132        (105.7%)
alpha           = 1e-10            +/- 0.2952       (2.952e+11%)
b               = 1.22294          +/- 1.137        (93.01%)
beta            = 0.93953          +/- 0.6395       (68.06%)

correlation matrix of the fit parameters:
                a      alpha  b      beta   
a               1.000 
alpha           0.988  1.000 
b               0.995  0.979  1.000 
beta           -0.963 -0.926 -0.964  1.000 


*******************************************************************************
Fri Nov  8 16:35:02 2019


FIT:    data read from input_file using 1:2
        format = x:z
        #datapoints = 50
        residuals are weighted equally (unit weight)

function used for fitting: f(x)
	f(x)=(a*x**alpha)*(exp(-b*x**beta))
fitted parameters initialized with current variable values

   3 1.2554208945e+00  -5.56e-02  2.44e-04    1.071266e+00   1.000000e-10   1.222941e+00   9.395298e-01

After 3 iterations the fit converged.
final sum of squares of residuals : 1.25542
rel. change during last iteration : -5.56073e-07

degrees of freedom    (FIT_NDF)                        : 46
rms of residuals      (FIT_STDFIT) = sqrt(WSSR/ndf)    : 0.165202
variance of residuals (reduced chisquare) = WSSR/ndf   : 0.0272918

Final set of parameters            Asymptotic Standard Error
=======================            ==========================
a               = 1.07127          +/- 1.132        (105.7%)
alpha           = 1e-10            +/- 0.2952       (2.952e+11%)
b               = 1.22294          +/- 1.137        (93.01%)
beta            = 0.93953          +/- 0.6395       (68.06%)

correlation matrix of the fit parameters:
                a      alpha  b      beta   
a               1.000 
alpha           0.988  1.000 
b               0.995  0.979  1.000 
beta           -0.963 -0.926 -0.964  1.000 


*******************************************************************************
Fri Nov  8 16:35:55 2019


FIT:    data read from input_file using 1:2
        format = x:z
        #datapoints = 50
        residuals are weighted equally (unit weight)

function used for fitting: f(x)
	f(x)=(a*x**alpha)*(exp(-b*x**beta))
fitted parameters initialized with current variable values

   3 1.2554208945e+00  -5.56e-02  2.44e-04    1.071266e+00   1.000000e-10   1.222941e+00   9.395298e-01

After 3 iterations the fit converged.
final sum of squares of residuals : 1.25542
rel. change during last iteration : -5.56073e-07

degrees of freedom    (FIT_NDF)                        : 46
rms of residuals      (FIT_STDFIT) = sqrt(WSSR/ndf)    : 0.165202
variance of residuals (reduced chisquare) = WSSR/ndf   : 0.0272918

Final set of parameters            Asymptotic Standard Error
=======================            ==========================
a               = 1.07127          +/- 1.132        (105.7%)
alpha           = 1e-10            +/- 0.2952       (2.952e+11%)
b               = 1.22294          +/- 1.137        (93.01%)
beta            = 0.93953          +/- 0.6395       (68.06%)

correlation matrix of the fit parameters:
                a      alpha  b      beta   
a               1.000 
alpha           0.988  1.000 
b               0.995  0.979  1.000 
beta           -0.963 -0.926 -0.964  1.000 
