

*******************************************************************************
Fri Nov  8 16:32:05 2019


FIT:    data read from input_file using 1:2
        format = x:z
        #datapoints = 50
        residuals are weighted equally (unit weight)

function used for fitting: f(x)
	f(x)=(a*x**alpha)*(exp(-b*x**beta))
fitted parameters initialized with current variable values

   8 1.0061949618e-02  -5.06e-02  3.06e-03    5.201480e+00   1.762286e+00   2.046618e+00   1.531235e+00

After 8 iterations the fit converged.
final sum of squares of residuals : 0.0100619
rel. change during last iteration : -5.06269e-07

degrees of freedom    (FIT_NDF)                        : 46
rms of residuals      (FIT_STDFIT) = sqrt(WSSR/ndf)    : 0.0147898
variance of residuals (reduced chisquare) = WSSR/ndf   : 0.000218738

Final set of parameters            Asymptotic Standard Error
=======================            ==========================
a               = 5.20148          +/- 0.8531       (16.4%)
alpha           = 1.76229          +/- 0.09523      (5.404%)
b               = 2.04662          +/- 0.1681       (8.213%)
beta            = 1.53123          +/- 0.07524      (4.914%)

correlation matrix of the fit parameters:
                a      alpha  b      beta   
a               1.000 
alpha           0.986  1.000 
b               0.999  0.982  1.000 
beta           -0.978 -0.939 -0.981  1.000 


*******************************************************************************
Fri Nov  8 16:35:00 2019


FIT:    data read from input_file using 1:2
        format = x:z
        #datapoints = 50
        residuals are weighted equally (unit weight)

function used for fitting: f(x)
	f(x)=(a*x**alpha)*(exp(-b*x**beta))
fitted parameters initialized with current variable values

   8 1.0061949618e-02  -5.06e-02  3.06e-03    5.201480e+00   1.762286e+00   2.046618e+00   1.531235e+00

After 8 iterations the fit converged.
final sum of squares of residuals : 0.0100619
rel. change during last iteration : -5.06269e-07

degrees of freedom    (FIT_NDF)                        : 46
rms of residuals      (FIT_STDFIT) = sqrt(WSSR/ndf)    : 0.0147898
variance of residuals (reduced chisquare) = WSSR/ndf   : 0.000218738

Final set of parameters            Asymptotic Standard Error
=======================            ==========================
a               = 5.20148          +/- 0.8531       (16.4%)
alpha           = 1.76229          +/- 0.09523      (5.404%)
b               = 2.04662          +/- 0.1681       (8.213%)
beta            = 1.53123          +/- 0.07524      (4.914%)

correlation matrix of the fit parameters:
                a      alpha  b      beta   
a               1.000 
alpha           0.986  1.000 
b               0.999  0.982  1.000 
beta           -0.978 -0.939 -0.981  1.000 


*******************************************************************************
Fri Nov  8 16:35:52 2019


FIT:    data read from input_file using 1:2
        format = x:z
        #datapoints = 50
        residuals are weighted equally (unit weight)

function used for fitting: f(x)
	f(x)=(a*x**alpha)*(exp(-b*x**beta))
fitted parameters initialized with current variable values

   8 1.0061949618e-02  -5.06e-02  3.06e-03    5.201480e+00   1.762286e+00   2.046618e+00   1.531235e+00

After 8 iterations the fit converged.
final sum of squares of residuals : 0.0100619
rel. change during last iteration : -5.06269e-07

degrees of freedom    (FIT_NDF)                        : 46
rms of residuals      (FIT_STDFIT) = sqrt(WSSR/ndf)    : 0.0147898
variance of residuals (reduced chisquare) = WSSR/ndf   : 0.000218738

Final set of parameters            Asymptotic Standard Error
=======================            ==========================
a               = 5.20148          +/- 0.8531       (16.4%)
alpha           = 1.76229          +/- 0.09523      (5.404%)
b               = 2.04662          +/- 0.1681       (8.213%)
beta            = 1.53123          +/- 0.07524      (4.914%)

correlation matrix of the fit parameters:
                a      alpha  b      beta   
a               1.000 
alpha           0.986  1.000 
b               0.999  0.982  1.000 
beta           -0.978 -0.939 -0.981  1.000 
