

*******************************************************************************
Fri Nov  8 18:06:11 2019


FIT:    data read from input_file using 1:2
        format = x:z
        #datapoints = 100
        residuals are weighted equally (unit weight)

function used for fitting: f(x)
	f(x)=(a*x**alpha)*(exp(-b*x**beta))
fitted parameters initialized with current variable values

   6 3.4016848875e+00  -4.16e-03  2.45e-06    1.843903e+00   1.010331e-10   2.017933e+00   8.892777e-01

After 6 iterations the fit converged.
final sum of squares of residuals : 3.40168
rel. change during last iteration : -4.16282e-08

degrees of freedom    (FIT_NDF)                        : 96
rms of residuals      (FIT_STDFIT) = sqrt(WSSR/ndf)    : 0.18824
variance of residuals (reduced chisquare) = WSSR/ndf   : 0.0354342

Final set of parameters            Asymptotic Standard Error
=======================            ==========================
a               = 1.8439           +/- 1.349        (73.16%)
alpha           = 1.01033e-10      +/- 0.1728       (1.711e+11%)
b               = 2.01793          +/- 0.7563       (37.48%)
beta            = 0.889278         +/- 0.3448       (38.77%)

correlation matrix of the fit parameters:
                a      alpha  b      beta   
a               1.000 
alpha           0.990  1.000 
b               0.985  0.978  1.000 
beta           -0.957 -0.921 -0.918  1.000 
